0 info it worked if it ends with ok
1 verbose cli [ '/Users/ryan/.nvm/versions/node/v6.5.0/bin/node',
1 verbose cli   '/Users/ryan/.nvm/versions/node/v6.5.0/bin/npm',
1 verbose cli   'publish' ]
2 info using npm@3.10.3
3 info using node@v6.5.0
4 verbose publish [ '.' ]
5 silly cache add args [ '.', null ]
6 verbose cache add spec .
7 silly cache add parsed spec Result {
7 silly cache add   raw: '.',
7 silly cache add   scope: null,
7 silly cache add   escapedName: null,
7 silly cache add   name: null,
7 silly cache add   rawSpec: '.',
7 silly cache add   spec: '/Users/ryan/Projects/GitToken/gittoken-dashboard',
7 silly cache add   type: 'directory' }
8 verbose addLocalDirectory /Users/ryan/.npm/gittoken-dashboard/0.0.52/package.tgz not in flight; packing
9 verbose correctMkdir /Users/ryan/.npm correctMkdir not in flight; initializing
10 info lifecycle gittoken-dashboard@0.0.52~prepublish: gittoken-dashboard@0.0.52
11 silly lifecycle gittoken-dashboard@0.0.52~prepublish: no script for prepublish, continuing
12 verbose tar pack [ '/Users/ryan/.npm/gittoken-dashboard/0.0.52/package.tgz',
12 verbose tar pack   '/Users/ryan/Projects/GitToken/gittoken-dashboard' ]
13 verbose tarball /Users/ryan/.npm/gittoken-dashboard/0.0.52/package.tgz
14 verbose folder /Users/ryan/Projects/GitToken/gittoken-dashboard
15 verbose addLocalTarball adding from inside cache /Users/ryan/.npm/gittoken-dashboard/0.0.52/package.tgz
16 verbose correctMkdir /Users/ryan/.npm correctMkdir not in flight; initializing
17 silly cache afterAdd gittoken-dashboard@0.0.52
18 verbose afterAdd /Users/ryan/.npm/gittoken-dashboard/0.0.52/package/package.json not in flight; writing
19 verbose correctMkdir /Users/ryan/.npm correctMkdir not in flight; initializing
20 verbose afterAdd /Users/ryan/.npm/gittoken-dashboard/0.0.52/package/package.json written
21 silly publish { name: 'gittoken-dashboard',
21 silly publish   version: '0.0.52',
21 silly publish   description: 'Dashboard for GitToken Contracts',
21 silly publish   main: './dist/index',
21 silly publish   scripts:
21 silly publish    { test: 'mocha',
21 silly publish      dev: 'webpack-dev-server --hot --inline',
21 silly publish      'build-ui': 'webpack --config webpack.config.js' },
21 silly publish   author: { name: 'GitToken' },
21 silly publish   license: 'MIT',
21 silly publish   dependencies:
21 silly publish    { axios: '^0.16.2',
21 silly publish      'github-graphql-client': '^1.0.0',
21 silly publish      'gittoken-contracts': '0.0.11',
21 silly publish      react: '^15.5.4',
21 silly publish      'react-bootstrap': '^0.31.0',
21 silly publish      'react-dom': '^15.5.4',
21 silly publish      'react-redux': '^5.0.5',
21 silly publish      'react-relay': '^1.0.0',
21 silly publish      'react-router': '^4.1.1',
21 silly publish      'react-router-bootstrap': '^0.24.2',
21 silly publish      'react-router-dom': '^4.1.1',
21 silly publish      'react-router-redux': '^5.0.0-alpha.6',
21 silly publish      redux: '^3.6.0',
21 silly publish      'redux-thunk': '^2.2.0',
21 silly publish      victory: '^0.21.0',
21 silly publish      web3: '^0.19.1',
21 silly publish      websocket: '^1.0.24' },
21 silly publish   devDependencies:
21 silly publish    { 'babel-core': '^6.24.1',
21 silly publish      'babel-loader': '^7.0.0',
21 silly publish      'babel-plugin-inline-import': '^2.0.5',
21 silly publish      'babel-plugin-transform-runtime': '^6.23.0',
21 silly publish      'babel-preset-env': '^1.5.1',
21 silly publish      'babel-preset-es2015': '^6.24.1',
21 silly publish      'babel-preset-react': '^6.24.1',
21 silly publish      'babel-preset-stage-0': '^6.24.1',
21 silly publish      'babel-runtime': '^6.23.0',
21 silly publish      chai: '^4.0.1',
21 silly publish      'jsdoc-strip-async-await': '^0.1.0',
21 silly publish      'serviceworker-webpack-plugin': '^0.2.2',
21 silly publish      'source-map-loader': '^0.2.1',
21 silly publish      webpack: '^3.0.0',
21 silly publish      'webpack-dev-server': '^2.5.0' },
21 silly publish   gitHead: 'c489f73540d2c005d25e73e1b01b81fb829c56c2',
21 silly publish   readme: 'ERROR: No README data found!',
21 silly publish   _id: 'gittoken-dashboard@0.0.52',
21 silly publish   _shasum: 'eb899732488fa43721e907035e1b98c5b49298cd',
21 silly publish   _from: '.' }
22 verbose getPublishConfig undefined
23 silly mapToRegistry name gittoken-dashboard
24 silly mapToRegistry using default registry
25 silly mapToRegistry registry https://registry.npmjs.org/
26 silly mapToRegistry data Result {
26 silly mapToRegistry   raw: 'gittoken-dashboard',
26 silly mapToRegistry   scope: null,
26 silly mapToRegistry   escapedName: 'gittoken-dashboard',
26 silly mapToRegistry   name: 'gittoken-dashboard',
26 silly mapToRegistry   rawSpec: '',
26 silly mapToRegistry   spec: 'latest',
26 silly mapToRegistry   type: 'tag' }
27 silly mapToRegistry uri https://registry.npmjs.org/gittoken-dashboard
28 verbose publish registryBase https://registry.npmjs.org/
29 silly publish uploading /Users/ryan/.npm/gittoken-dashboard/0.0.52/package.tgz
30 verbose request uri https://registry.npmjs.org/gittoken-dashboard
31 verbose request sending authorization for write operation
32 info attempt registry request try #1 at 8:52:53 PM
33 verbose request using bearer token for auth
34 verbose request id 8cf787ce3baf8744
35 http request PUT https://registry.npmjs.org/gittoken-dashboard
36 http 403 https://registry.npmjs.org/gittoken-dashboard
37 verbose headers { 'content-type': 'application/json',
37 verbose headers   'cache-control': 'max-age=300',
37 verbose headers   'content-length': '96',
37 verbose headers   'accept-ranges': 'bytes',
37 verbose headers   date: 'Wed, 19 Jul 2017 03:52:55 GMT',
37 verbose headers   via: '1.1 varnish',
37 verbose headers   connection: 'keep-alive',
37 verbose headers   'x-served-by': 'cache-sea1030-SEA',
37 verbose headers   'x-cache': 'MISS',
37 verbose headers   'x-cache-hits': '0',
37 verbose headers   'x-timer': 'S1500436374.734530,VS0,VE1860',
37 verbose headers   vary: 'Accept-Encoding, Accept' }
38 verbose request invalidating /Users/ryan/.npm/registry.npmjs.org/gittoken-dashboard on PUT
39 error publish Failed PUT 403
40 verbose stack Error: "You cannot publish over the previously published version 0.0.52." : gittoken-dashboard
40 verbose stack     at makeError (/Users/ryan/.nvm/versions/node/v6.5.0/lib/node_modules/npm/node_modules/npm-registry-client/lib/request.js:264:12)
40 verbose stack     at CachingRegistryClient.<anonymous> (/Users/ryan/.nvm/versions/node/v6.5.0/lib/node_modules/npm/node_modules/npm-registry-client/lib/request.js:252:14)
40 verbose stack     at Request._callback (/Users/ryan/.nvm/versions/node/v6.5.0/lib/node_modules/npm/node_modules/npm-registry-client/lib/request.js:172:14)
40 verbose stack     at Request.self.callback (/Users/ryan/.nvm/versions/node/v6.5.0/lib/node_modules/npm/node_modules/request/request.js:200:22)
40 verbose stack     at emitTwo (events.js:106:13)
40 verbose stack     at Request.emit (events.js:191:7)
40 verbose stack     at Request.<anonymous> (/Users/ryan/.nvm/versions/node/v6.5.0/lib/node_modules/npm/node_modules/request/request.js:1067:10)
40 verbose stack     at emitOne (events.js:101:20)
40 verbose stack     at Request.emit (events.js:188:7)
40 verbose stack     at IncomingMessage.<anonymous> (/Users/ryan/.nvm/versions/node/v6.5.0/lib/node_modules/npm/node_modules/request/request.js:988:12)
41 verbose statusCode 403
42 verbose pkgid gittoken-dashboard
43 verbose cwd /Users/ryan/Projects/GitToken/gittoken-dashboard
44 error Darwin 16.6.0
45 error argv "/Users/ryan/.nvm/versions/node/v6.5.0/bin/node" "/Users/ryan/.nvm/versions/node/v6.5.0/bin/npm" "publish"
46 error node v6.5.0
47 error npm  v3.10.3
48 error code E403
49 error "You cannot publish over the previously published version 0.0.52." : gittoken-dashboard
50 error If you need help, you may report this error at:
50 error     <https://github.com/npm/npm/issues>
51 verbose exit [ 1, true ]
